<?xml version="1.0" encoding="UTF-8"?>
<!-- Generated by org.testng.reporters.JUnitReportReporter -->
<testsuite hostname="USBLRAPGANDHI1" failures="0" tests="1" name="Runnerclass.ParallelRunner" time="32.681" errors="0" timestamp="07 Jan 2022 11:23:37 GMT" skipped="0">
  <testcase classname="Runnerclass.ParallelRunner" name="runScenario" time="32.681"/>
</testsuite> <!-- Runnerclass.ParallelRunner -->
